
*** Running vivado
    with args -log lab3_2.vds -m64 -mode batch -messageDb vivado.pb -notrace -source lab3_2.tcl


****** Vivado v2015.2 (64-bit)
  **** SW Build 1266856 on Fri Jun 26 16:35:25 MDT 2015
  **** IP Build 1264090 on Wed Jun 24 14:22:01 MDT 2015
    ** Copyright 1986-2015 Xilinx, Inc. All Rights Reserved.

source lab3_2.tcl -notrace
Command: synth_design -top lab3_2 -part xc7a100tcsg324-1
Starting synth_design
Attempting to get a license for feature 'Synthesis' and/or device 'xc7a100t'
INFO: [Common 17-349] Got license for feature 'Synthesis' and/or device 'xc7a100t'
INFO: [Common 17-1223] The version limit for your license is '2016.05' and will expire in -2 days. A version limit expiration means that, although you may be able to continue to use the current version of tools or IP with this license, you will not be eligible for any updates or new releases.
---------------------------------------------------------------------------------
Starting Synthesize : Time (s): cpu = 00:00:06 ; elapsed = 00:00:06 . Memory (MB): peak = 937.320 ; gain = 154.520 ; free physical = 2839 ; free virtual = 14134
---------------------------------------------------------------------------------
INFO: [Synth 8-638] synthesizing module 'lab3_2' [/home/huchao/Daily-Learning/Digital-Logic/lab3_2/lab3_2.srcs/sources_1/new/lab3_2.v:23]
INFO: [Synth 8-638] synthesizing module 'iniset' [/home/huchao/Daily-Learning/Digital-Logic/lab3_2/lab3_2.srcs/sources_1/new/iniset.v:23]
INFO: [Synth 8-256] done synthesizing module 'iniset' (1#1) [/home/huchao/Daily-Learning/Digital-Logic/lab3_2/lab3_2.srcs/sources_1/new/iniset.v:23]
ERROR: [Synth 8-349] instance 'set1' of module 'iniset' passed 5 connections, but takes just 4 [/home/huchao/Daily-Learning/Digital-Logic/lab3_2/lab3_2.srcs/sources_1/new/lab3_2.v:28]
INFO: [Synth 8-638] synthesizing module 'jk_ff' [/home/huchao/Daily-Learning/Digital-Logic/lab3_2/lab3_2.srcs/sources_1/new/jk_ff.v:23]
ERROR: [Synth 8-285] failed synthesizing module 'jk_ff' [/home/huchao/Daily-Learning/Digital-Logic/lab3_2/lab3_2.srcs/sources_1/new/jk_ff.v:23]
ERROR: [Synth 8-285] failed synthesizing module 'lab3_2' [/home/huchao/Daily-Learning/Digital-Logic/lab3_2/lab3_2.srcs/sources_1/new/lab3_2.v:23]
---------------------------------------------------------------------------------
Finished Synthesize : Time (s): cpu = 00:00:06 ; elapsed = 00:00:06 . Memory (MB): peak = 973.602 ; gain = 190.801 ; free physical = 2800 ; free virtual = 14094
---------------------------------------------------------------------------------
synthesize failed
INFO: [Common 17-83] Releasing license: Synthesis
7 Infos, 0 Warnings, 0 Critical Warnings and 4 Errors encountered.
synth_design failed
ERROR: [Common 17-69] Command failed: Vivado Synthesis failed
INFO: [Common 17-206] Exiting Vivado at Thu Jun  2 23:39:29 2016...
