
*** Running vivado
    with args -log lab1_3_2.vds -m64 -mode batch -messageDb vivado.pb -notrace -source lab1_3_2.tcl


****** Vivado v2015.2 (64-bit)
  **** SW Build 1266856 on Fri Jun 26 16:35:25 MDT 2015
  **** IP Build 1264090 on Wed Jun 24 14:22:01 MDT 2015
    ** Copyright 1986-2015 Xilinx, Inc. All Rights Reserved.

source lab1_3_2.tcl -notrace
Command: synth_design -top lab1_3_2 -part xc7a100tcsg324-1
Starting synth_design
Attempting to get a license for feature 'Synthesis' and/or device 'xc7a100t'
INFO: [Common 17-349] Got license for feature 'Synthesis' and/or device 'xc7a100t'
INFO: [Common 17-1223] The version limit for your license is '2016.05' and will expire in -23 days. A version limit expiration means that, although you may be able to continue to use the current version of tools or IP with this license, you will not be eligible for any updates or new releases.
ERROR: [Synth 8-2715] syntax error near y [/home/huchao/Daily-Learning/Verilog/lab2/lab2_1/lab1_3_2/lab1_3_2.srcs/sources_1/new/lab1_3_2.v:30]
ERROR: [Synth 8-988] y is already declared [/home/huchao/Daily-Learning/Verilog/lab2/lab2_1/lab1_3_2/lab1_3_2.srcs/sources_1/new/lab1_3_2.v:30]
ERROR: [Synth 8-1016] x is not a task [/home/huchao/Daily-Learning/Verilog/lab2/lab2_1/lab1_3_2/lab1_3_2.srcs/sources_1/new/lab1_3_2.v:30]
INFO: [Synth 8-2350] module lab1_3_2 ignored due to previous errors [/home/huchao/Daily-Learning/Verilog/lab2/lab2_1/lab1_3_2/lab1_3_2.srcs/sources_1/new/lab1_3_2.v:23]
Failed to read verilog '/home/huchao/Daily-Learning/Verilog/lab2/lab2_1/lab1_3_2/lab1_3_2.srcs/sources_1/new/lab1_3_2.v'
INFO: [Common 17-83] Releasing license: Synthesis
4 Infos, 0 Warnings, 0 Critical Warnings and 4 Errors encountered.
synth_design failed
ERROR: [Common 17-69] Command failed: Vivado Synthesis failed
INFO: [Common 17-206] Exiting Vivado at Thu Jun 23 22:38:01 2016...
