
*** Running vivado
    with args -log lab1_1_2.vds -m64 -mode batch -messageDb vivado.pb -notrace -source lab1_1_2.tcl


****** Vivado v2015.2 (64-bit)
  **** SW Build 1266856 on Fri Jun 26 16:35:25 MDT 2015
  **** IP Build 1264090 on Wed Jun 24 14:22:01 MDT 2015
    ** Copyright 1986-2015 Xilinx, Inc. All Rights Reserved.

source lab1_1_2.tcl -notrace
Command: synth_design -top lab1_1_2 -part xc7a100tcsg324-1
Starting synth_design
Attempting to get a license for feature 'Synthesis' and/or device 'xc7a100t'
INFO: [Common 17-349] Got license for feature 'Synthesis' and/or device 'xc7a100t'
INFO: [Common 17-1223] The version limit for your license is '2016.05' and will expire in 8 days. A version limit expiration means that, although you may be able to continue to use the current version of tools or IP with this license, you will not be eligible for any updates or new releases.
---------------------------------------------------------------------------------
Starting Synthesize : Time (s): cpu = 00:00:04 ; elapsed = 00:00:04 . Memory (MB): peak = 264.297 ; gain = 86.020
---------------------------------------------------------------------------------
INFO: [Synth 8-638] synthesizing module 'lab1_1_2' [D:/Veriloghu/lab2/lab1_2/lab1_2.srcs/sources_1/new/lab1_1_2.v:23]
WARNING: [Synth 8-387] label required on module instance [D:/Veriloghu/lab2/lab1_2/lab1_2.srcs/sources_1/new/lab1_1_2.v:39]
ERROR: [Synth 8-439] module 'ua4' not found [D:/Veriloghu/lab2/lab1_2/lab1_2.srcs/sources_1/new/lab1_1_2.v:39]
ERROR: [Synth 8-285] failed synthesizing module 'lab1_1_2' [D:/Veriloghu/lab2/lab1_2/lab1_2.srcs/sources_1/new/lab1_1_2.v:23]
---------------------------------------------------------------------------------
Finished Synthesize : Time (s): cpu = 00:00:04 ; elapsed = 00:00:05 . Memory (MB): peak = 299.457 ; gain = 121.180
---------------------------------------------------------------------------------
synthesize failed
INFO: [Common 17-83] Releasing license: Synthesis
4 Infos, 1 Warnings, 0 Critical Warnings and 3 Errors encountered.
synth_design failed
ERROR: [Common 17-69] Command failed: Vivado Synthesis failed
INFO: [Common 17-206] Exiting Vivado at Mon May 23 22:04:55 2016...
