Terminals unused in grammar

   OINT
   HINT


语法

    0 $accept: Program $end

    1 Program: ExtDefList

    2 ExtDefList: ExtDef ExtDefList
    3           | %empty

    4 ExtDef: Specifier ExtDecList SEMI
    5       | Specifier SEMI
    6       | Specifier FunDec CompSt

    7 ExtDecList: VarDec
    8           | VarDec COMMA ExtDecList

    9 Specifier: TYPE
   10          | StructSpecifier

   11 StructSpecifier: STRUCT OptTag LC DefList RC
   12                | STRUCT Tag

   13 OptTag: ID
   14       | %empty

   15 Tag: ID

   16 VarDec: ID
   17       | VarDec LB DINT RB

   18 FunDec: ID LP VarList RP
   19       | ID LP RP

   20 VarList: ParamDec COMMA VarList
   21        | ParamDec

   22 ParamDec: Specifier VarDec

   23 CompSt: LC DefList StmtList RC

   24 StmtList: Stmt StmtList
   25         | %empty

   26 Stmt: Exp SEMI
   27     | CompSt
   28     | RETURN Exp SEMI
   29     | IF LP Exp RP Stmt
   30     | IF LP Exp RP Stmt ELSE Stmt
   31     | WHILE LP Exp RP Stmt

   32 DefList: Def DefList
   33        | %empty

   34 Def: Specifier DecList SEMI

   35 DecList: Dec
   36        | Dec COMMA DecList

   37 Dec: VarDec
   38    | VarDec ASSIGNOP Exp

   39 Exp: Exp ASSIGNOP Exp
   40    | Exp AND Exp
   41    | Exp OR Exp
   42    | Exp RELOP Exp
   43    | Exp PLUS Exp
   44    | Exp MINUS Exp
   45    | Exp STAR Exp
   46    | Exp DIV Exp
   47    | LP Exp RP
   48    | MINUS Exp
   49    | NOT Exp
   50    | ID LP Args RP
   51    | ID LP RP
   52    | Exp LB Exp RB
   53    | Exp DOT ID
   54    | ID
   55    | DINT
   56    | FLOAT

   57 Args: Exp COMMA Args
   58     | Exp


Terminals, with rules where they appear

$end (0) 0
error (256)
LOWER_THAN_ELSE (258)
ELSE (259) 30
TYPE (260) 9
STRUCT (261) 11 12
IF (262) 29 30
WHILE (263) 31
RETURN (264) 28
ID (265) 13 15 16 18 19 50 51 53 54
DINT (266) 17 55
OINT (267)
HINT (268)
FLOAT (269) 56
SEMI (270) 4 5 26 28 34
COMMA (271) 8 20 36 57
ASSIGNOP (272) 38 39
RELOP (273) 42
PLUS (274) 43
MINUS (275) 44 48
STAR (276) 45
DIV (277) 46
AND (278) 40
OR (279) 41
DOT (280) 53
NOT (281) 49
LP (282) 18 19 29 30 31 47 50 51
RP (283) 18 19 29 30 31 47 50 51
LB (284) 17 52
RB (285) 17 52
LC (286) 11 23
RC (287) 11 23


Nonterminals, with rules where they appear

$accept (33)
    左： 0
Program (34)
    左： 1, 右： 0
ExtDefList (35)
    左： 2 3, 右： 1 2
ExtDef (36)
    左： 4 5 6, 右： 2
ExtDecList (37)
    左： 7 8, 右： 4 8
Specifier (38)
    左： 9 10, 右： 4 5 6 22 34
StructSpecifier (39)
    左： 11 12, 右： 10
OptTag (40)
    左： 13 14, 右： 11
Tag (41)
    左： 15, 右： 12
VarDec (42)
    左： 16 17, 右： 7 8 17 22 37 38
FunDec (43)
    左： 18 19, 右： 6
VarList (44)
    左： 20 21, 右： 18 20
ParamDec (45)
    左： 22, 右： 20 21
CompSt (46)
    左： 23, 右： 6 27
StmtList (47)
    左： 24 25, 右： 23 24
Stmt (48)
    左： 26 27 28 29 30 31, 右： 24 29 30 31
DefList (49)
    左： 32 33, 右： 11 23 32
Def (50)
    左： 34, 右： 32
DecList (51)
    左： 35 36, 右： 34 36
Dec (52)
    左： 37 38, 右： 35 36
Exp (53)
    左： 39 40 41 42 43 44 45 46 47 48 49 50 51 52 53 54 55 56, 右：
    26 28 29 30 31 38 39 40 41 42 43 44 45 46 47 48 49 52 53 57 58
Args (54)
    左： 57 58, 右： 50 57


State 0

    0 $accept: . Program $end

    TYPE    shift, and go to state 1
    STRUCT  shift, and go to state 2

    $default  reduce using rule 3 (ExtDefList)

    Program          转到状态 3
    ExtDefList       转到状态 4
    ExtDef           转到状态 5
    Specifier        转到状态 6
    StructSpecifier  转到状态 7


State 1

    9 Specifier: TYPE .

    $default  reduce using rule 9 (Specifier)


State 2

   11 StructSpecifier: STRUCT . OptTag LC DefList RC
   12                | STRUCT . Tag

    ID  shift, and go to state 8

    $default  reduce using rule 14 (OptTag)

    OptTag  转到状态 9
    Tag     转到状态 10


State 3

    0 $accept: Program . $end

    $end  shift, and go to state 11


State 4

    1 Program: ExtDefList .

    $default  reduce using rule 1 (Program)


State 5

    2 ExtDefList: ExtDef . ExtDefList

    TYPE    shift, and go to state 1
    STRUCT  shift, and go to state 2

    $default  reduce using rule 3 (ExtDefList)

    ExtDefList       转到状态 12
    ExtDef           转到状态 5
    Specifier        转到状态 6
    StructSpecifier  转到状态 7


State 6

    4 ExtDef: Specifier . ExtDecList SEMI
    5       | Specifier . SEMI
    6       | Specifier . FunDec CompSt

    ID    shift, and go to state 13
    SEMI  shift, and go to state 14

    ExtDecList  转到状态 15
    VarDec      转到状态 16
    FunDec      转到状态 17


State 7

   10 Specifier: StructSpecifier .

    $default  reduce using rule 10 (Specifier)


State 8

   13 OptTag: ID .
   15 Tag: ID .

    LC        reduce using rule 13 (OptTag)
    $default  reduce using rule 15 (Tag)


State 9

   11 StructSpecifier: STRUCT OptTag . LC DefList RC

    LC  shift, and go to state 18


State 10

   12 StructSpecifier: STRUCT Tag .

    $default  reduce using rule 12 (StructSpecifier)


State 11

    0 $accept: Program $end .

    $default  接受


State 12

    2 ExtDefList: ExtDef ExtDefList .

    $default  reduce using rule 2 (ExtDefList)


State 13

   16 VarDec: ID .
   18 FunDec: ID . LP VarList RP
   19       | ID . LP RP

    LP  shift, and go to state 19

    $default  reduce using rule 16 (VarDec)


State 14

    5 ExtDef: Specifier SEMI .

    $default  reduce using rule 5 (ExtDef)


State 15

    4 ExtDef: Specifier ExtDecList . SEMI

    SEMI  shift, and go to state 20


State 16

    7 ExtDecList: VarDec .
    8           | VarDec . COMMA ExtDecList
   17 VarDec: VarDec . LB DINT RB

    COMMA  shift, and go to state 21
    LB     shift, and go to state 22

    $default  reduce using rule 7 (ExtDecList)


State 17

    6 ExtDef: Specifier FunDec . CompSt

    LC  shift, and go to state 23

    CompSt  转到状态 24


State 18

   11 StructSpecifier: STRUCT OptTag LC . DefList RC

    TYPE    shift, and go to state 1
    STRUCT  shift, and go to state 2

    $default  reduce using rule 33 (DefList)

    Specifier        转到状态 25
    StructSpecifier  转到状态 7
    DefList          转到状态 26
    Def              转到状态 27


State 19

   18 FunDec: ID LP . VarList RP
   19       | ID LP . RP

    TYPE    shift, and go to state 1
    STRUCT  shift, and go to state 2
    RP      shift, and go to state 28

    Specifier        转到状态 29
    StructSpecifier  转到状态 7
    VarList          转到状态 30
    ParamDec         转到状态 31


State 20

    4 ExtDef: Specifier ExtDecList SEMI .

    $default  reduce using rule 4 (ExtDef)


State 21

    8 ExtDecList: VarDec COMMA . ExtDecList

    ID  shift, and go to state 32

    ExtDecList  转到状态 33
    VarDec      转到状态 16


State 22

   17 VarDec: VarDec LB . DINT RB

    DINT  shift, and go to state 34


State 23

   23 CompSt: LC . DefList StmtList RC

    TYPE    shift, and go to state 1
    STRUCT  shift, and go to state 2

    $default  reduce using rule 33 (DefList)

    Specifier        转到状态 25
    StructSpecifier  转到状态 7
    DefList          转到状态 35
    Def              转到状态 27


State 24

    6 ExtDef: Specifier FunDec CompSt .

    $default  reduce using rule 6 (ExtDef)


State 25

   34 Def: Specifier . DecList SEMI

    ID  shift, and go to state 32

    VarDec   转到状态 36
    DecList  转到状态 37
    Dec      转到状态 38


State 26

   11 StructSpecifier: STRUCT OptTag LC DefList . RC

    RC  shift, and go to state 39


State 27

   32 DefList: Def . DefList

    TYPE    shift, and go to state 1
    STRUCT  shift, and go to state 2

    $default  reduce using rule 33 (DefList)

    Specifier        转到状态 25
    StructSpecifier  转到状态 7
    DefList          转到状态 40
    Def              转到状态 27


State 28

   19 FunDec: ID LP RP .

    $default  reduce using rule 19 (FunDec)


State 29

   22 ParamDec: Specifier . VarDec

    ID  shift, and go to state 32

    VarDec  转到状态 41


State 30

   18 FunDec: ID LP VarList . RP

    RP  shift, and go to state 42


State 31

   20 VarList: ParamDec . COMMA VarList
   21        | ParamDec .

    COMMA  shift, and go to state 43

    $default  reduce using rule 21 (VarList)


State 32

   16 VarDec: ID .

    $default  reduce using rule 16 (VarDec)


State 33

    8 ExtDecList: VarDec COMMA ExtDecList .

    $default  reduce using rule 8 (ExtDecList)


State 34

   17 VarDec: VarDec LB DINT . RB

    RB  shift, and go to state 44


State 35

   23 CompSt: LC DefList . StmtList RC

    IF      shift, and go to state 45
    WHILE   shift, and go to state 46
    RETURN  shift, and go to state 47
    ID      shift, and go to state 48
    DINT    shift, and go to state 49
    FLOAT   shift, and go to state 50
    MINUS   shift, and go to state 51
    NOT     shift, and go to state 52
    LP      shift, and go to state 53
    LC      shift, and go to state 23

    $default  reduce using rule 25 (StmtList)

    CompSt    转到状态 54
    StmtList  转到状态 55
    Stmt      转到状态 56
    Exp       转到状态 57


State 36

   17 VarDec: VarDec . LB DINT RB
   37 Dec: VarDec .
   38    | VarDec . ASSIGNOP Exp

    ASSIGNOP  shift, and go to state 58
    LB        shift, and go to state 22

    $default  reduce using rule 37 (Dec)


State 37

   34 Def: Specifier DecList . SEMI

    SEMI  shift, and go to state 59


State 38

   35 DecList: Dec .
   36        | Dec . COMMA DecList

    COMMA  shift, and go to state 60

    $default  reduce using rule 35 (DecList)


State 39

   11 StructSpecifier: STRUCT OptTag LC DefList RC .

    $default  reduce using rule 11 (StructSpecifier)


State 40

   32 DefList: Def DefList .

    $default  reduce using rule 32 (DefList)


State 41

   17 VarDec: VarDec . LB DINT RB
   22 ParamDec: Specifier VarDec .

    LB  shift, and go to state 22

    $default  reduce using rule 22 (ParamDec)


State 42

   18 FunDec: ID LP VarList RP .

    $default  reduce using rule 18 (FunDec)


State 43

   20 VarList: ParamDec COMMA . VarList

    TYPE    shift, and go to state 1
    STRUCT  shift, and go to state 2

    Specifier        转到状态 29
    StructSpecifier  转到状态 7
    VarList          转到状态 61
    ParamDec         转到状态 31


State 44

   17 VarDec: VarDec LB DINT RB .

    $default  reduce using rule 17 (VarDec)


State 45

   29 Stmt: IF . LP Exp RP Stmt
   30     | IF . LP Exp RP Stmt ELSE Stmt

    LP  shift, and go to state 62


State 46

   31 Stmt: WHILE . LP Exp RP Stmt

    LP  shift, and go to state 63


State 47

   28 Stmt: RETURN . Exp SEMI

    ID     shift, and go to state 48
    DINT   shift, and go to state 49
    FLOAT  shift, and go to state 50
    MINUS  shift, and go to state 51
    NOT    shift, and go to state 52
    LP     shift, and go to state 53

    Exp  转到状态 64


State 48

   50 Exp: ID . LP Args RP
   51    | ID . LP RP
   54    | ID .

    LP  shift, and go to state 65

    $default  reduce using rule 54 (Exp)


State 49

   55 Exp: DINT .

    $default  reduce using rule 55 (Exp)


State 50

   56 Exp: FLOAT .

    $default  reduce using rule 56 (Exp)


State 51

   48 Exp: MINUS . Exp

    ID     shift, and go to state 48
    DINT   shift, and go to state 49
    FLOAT  shift, and go to state 50
    MINUS  shift, and go to state 51
    NOT    shift, and go to state 52
    LP     shift, and go to state 53

    Exp  转到状态 66


State 52

   49 Exp: NOT . Exp

    ID     shift, and go to state 48
    DINT   shift, and go to state 49
    FLOAT  shift, and go to state 50
    MINUS  shift, and go to state 51
    NOT    shift, and go to state 52
    LP     shift, and go to state 53

    Exp  转到状态 67


State 53

   47 Exp: LP . Exp RP

    ID     shift, and go to state 48
    DINT   shift, and go to state 49
    FLOAT  shift, and go to state 50
    MINUS  shift, and go to state 51
    NOT    shift, and go to state 52
    LP     shift, and go to state 53

    Exp  转到状态 68


State 54

   27 Stmt: CompSt .

    $default  reduce using rule 27 (Stmt)


State 55

   23 CompSt: LC DefList StmtList . RC

    RC  shift, and go to state 69


State 56

   24 StmtList: Stmt . StmtList

    IF      shift, and go to state 45
    WHILE   shift, and go to state 46
    RETURN  shift, and go to state 47
    ID      shift, and go to state 48
    DINT    shift, and go to state 49
    FLOAT   shift, and go to state 50
    MINUS   shift, and go to state 51
    NOT     shift, and go to state 52
    LP      shift, and go to state 53
    LC      shift, and go to state 23

    $default  reduce using rule 25 (StmtList)

    CompSt    转到状态 54
    StmtList  转到状态 70
    Stmt      转到状态 56
    Exp       转到状态 57


State 57

   26 Stmt: Exp . SEMI
   39 Exp: Exp . ASSIGNOP Exp
   40    | Exp . AND Exp
   41    | Exp . OR Exp
   42    | Exp . RELOP Exp
   43    | Exp . PLUS Exp
   44    | Exp . MINUS Exp
   45    | Exp . STAR Exp
   46    | Exp . DIV Exp
   52    | Exp . LB Exp RB
   53    | Exp . DOT ID

    SEMI      shift, and go to state 71
    ASSIGNOP  shift, and go to state 72
    RELOP     shift, and go to state 73
    PLUS      shift, and go to state 74
    MINUS     shift, and go to state 75
    STAR      shift, and go to state 76
    DIV       shift, and go to state 77
    AND       shift, and go to state 78
    OR        shift, and go to state 79
    DOT       shift, and go to state 80
    LB        shift, and go to state 81


State 58

   38 Dec: VarDec ASSIGNOP . Exp

    ID     shift, and go to state 48
    DINT   shift, and go to state 49
    FLOAT  shift, and go to state 50
    MINUS  shift, and go to state 51
    NOT    shift, and go to state 52
    LP     shift, and go to state 53

    Exp  转到状态 82


State 59

   34 Def: Specifier DecList SEMI .

    $default  reduce using rule 34 (Def)


State 60

   36 DecList: Dec COMMA . DecList

    ID  shift, and go to state 32

    VarDec   转到状态 36
    DecList  转到状态 83
    Dec      转到状态 38


State 61

   20 VarList: ParamDec COMMA VarList .

    $default  reduce using rule 20 (VarList)


State 62

   29 Stmt: IF LP . Exp RP Stmt
   30     | IF LP . Exp RP Stmt ELSE Stmt

    ID     shift, and go to state 48
    DINT   shift, and go to state 49
    FLOAT  shift, and go to state 50
    MINUS  shift, and go to state 51
    NOT    shift, and go to state 52
    LP     shift, and go to state 53

    Exp  转到状态 84


State 63

   31 Stmt: WHILE LP . Exp RP Stmt

    ID     shift, and go to state 48
    DINT   shift, and go to state 49
    FLOAT  shift, and go to state 50
    MINUS  shift, and go to state 51
    NOT    shift, and go to state 52
    LP     shift, and go to state 53

    Exp  转到状态 85


State 64

   28 Stmt: RETURN Exp . SEMI
   39 Exp: Exp . ASSIGNOP Exp
   40    | Exp . AND Exp
   41    | Exp . OR Exp
   42    | Exp . RELOP Exp
   43    | Exp . PLUS Exp
   44    | Exp . MINUS Exp
   45    | Exp . STAR Exp
   46    | Exp . DIV Exp
   52    | Exp . LB Exp RB
   53    | Exp . DOT ID

    SEMI      shift, and go to state 86
    ASSIGNOP  shift, and go to state 72
    RELOP     shift, and go to state 73
    PLUS      shift, and go to state 74
    MINUS     shift, and go to state 75
    STAR      shift, and go to state 76
    DIV       shift, and go to state 77
    AND       shift, and go to state 78
    OR        shift, and go to state 79
    DOT       shift, and go to state 80
    LB        shift, and go to state 81


State 65

   50 Exp: ID LP . Args RP
   51    | ID LP . RP

    ID     shift, and go to state 48
    DINT   shift, and go to state 49
    FLOAT  shift, and go to state 50
    MINUS  shift, and go to state 51
    NOT    shift, and go to state 52
    LP     shift, and go to state 53
    RP     shift, and go to state 87

    Exp   转到状态 88
    Args  转到状态 89


State 66

   39 Exp: Exp . ASSIGNOP Exp
   40    | Exp . AND Exp
   41    | Exp . OR Exp
   42    | Exp . RELOP Exp
   43    | Exp . PLUS Exp
   44    | Exp . MINUS Exp
   45    | Exp . STAR Exp
   46    | Exp . DIV Exp
   48    | MINUS Exp .
   52    | Exp . LB Exp RB
   53    | Exp . DOT ID

    RELOP  shift, and go to state 73
    AND    shift, and go to state 78
    OR     shift, and go to state 79
    DOT    shift, and go to state 80
    LB     shift, and go to state 81

    $default  reduce using rule 48 (Exp)


State 67

   39 Exp: Exp . ASSIGNOP Exp
   40    | Exp . AND Exp
   41    | Exp . OR Exp
   42    | Exp . RELOP Exp
   43    | Exp . PLUS Exp
   44    | Exp . MINUS Exp
   45    | Exp . STAR Exp
   46    | Exp . DIV Exp
   49    | NOT Exp .
   52    | Exp . LB Exp RB
   53    | Exp . DOT ID

    $default  reduce using rule 49 (Exp)


State 68

   39 Exp: Exp . ASSIGNOP Exp
   40    | Exp . AND Exp
   41    | Exp . OR Exp
   42    | Exp . RELOP Exp
   43    | Exp . PLUS Exp
   44    | Exp . MINUS Exp
   45    | Exp . STAR Exp
   46    | Exp . DIV Exp
   47    | LP Exp . RP
   52    | Exp . LB Exp RB
   53    | Exp . DOT ID

    ASSIGNOP  shift, and go to state 72
    RELOP     shift, and go to state 73
    PLUS      shift, and go to state 74
    MINUS     shift, and go to state 75
    STAR      shift, and go to state 76
    DIV       shift, and go to state 77
    AND       shift, and go to state 78
    OR        shift, and go to state 79
    DOT       shift, and go to state 80
    RP        shift, and go to state 90
    LB        shift, and go to state 81


State 69

   23 CompSt: LC DefList StmtList RC .

    $default  reduce using rule 23 (CompSt)


State 70

   24 StmtList: Stmt StmtList .

    $default  reduce using rule 24 (StmtList)


State 71

   26 Stmt: Exp SEMI .

    $default  reduce using rule 26 (Stmt)


State 72

   39 Exp: Exp ASSIGNOP . Exp

    ID     shift, and go to state 48
    DINT   shift, and go to state 49
    FLOAT  shift, and go to state 50
    MINUS  shift, and go to state 51
    NOT    shift, and go to state 52
    LP     shift, and go to state 53

    Exp  转到状态 91


State 73

   42 Exp: Exp RELOP . Exp

    ID     shift, and go to state 48
    DINT   shift, and go to state 49
    FLOAT  shift, and go to state 50
    MINUS  shift, and go to state 51
    NOT    shift, and go to state 52
    LP     shift, and go to state 53

    Exp  转到状态 92


State 74

   43 Exp: Exp PLUS . Exp

    ID     shift, and go to state 48
    DINT   shift, and go to state 49
    FLOAT  shift, and go to state 50
    MINUS  shift, and go to state 51
    NOT    shift, and go to state 52
    LP     shift, and go to state 53

    Exp  转到状态 93


State 75

   44 Exp: Exp MINUS . Exp

    ID     shift, and go to state 48
    DINT   shift, and go to state 49
    FLOAT  shift, and go to state 50
    MINUS  shift, and go to state 51
    NOT    shift, and go to state 52
    LP     shift, and go to state 53

    Exp  转到状态 94


State 76

   45 Exp: Exp STAR . Exp

    ID     shift, and go to state 48
    DINT   shift, and go to state 49
    FLOAT  shift, and go to state 50
    MINUS  shift, and go to state 51
    NOT    shift, and go to state 52
    LP     shift, and go to state 53

    Exp  转到状态 95


State 77

   46 Exp: Exp DIV . Exp

    ID     shift, and go to state 48
    DINT   shift, and go to state 49
    FLOAT  shift, and go to state 50
    MINUS  shift, and go to state 51
    NOT    shift, and go to state 52
    LP     shift, and go to state 53

    Exp  转到状态 96


State 78

   40 Exp: Exp AND . Exp

    ID     shift, and go to state 48
    DINT   shift, and go to state 49
    FLOAT  shift, and go to state 50
    MINUS  shift, and go to state 51
    NOT    shift, and go to state 52
    LP     shift, and go to state 53

    Exp  转到状态 97


State 79

   41 Exp: Exp OR . Exp

    ID     shift, and go to state 48
    DINT   shift, and go to state 49
    FLOAT  shift, and go to state 50
    MINUS  shift, and go to state 51
    NOT    shift, and go to state 52
    LP     shift, and go to state 53

    Exp  转到状态 98


State 80

   53 Exp: Exp DOT . ID

    ID  shift, and go to state 99


State 81

   52 Exp: Exp LB . Exp RB

    ID     shift, and go to state 48
    DINT   shift, and go to state 49
    FLOAT  shift, and go to state 50
    MINUS  shift, and go to state 51
    NOT    shift, and go to state 52
    LP     shift, and go to state 53

    Exp  转到状态 100


State 82

   38 Dec: VarDec ASSIGNOP Exp .
   39 Exp: Exp . ASSIGNOP Exp
   40    | Exp . AND Exp
   41    | Exp . OR Exp
   42    | Exp . RELOP Exp
   43    | Exp . PLUS Exp
   44    | Exp . MINUS Exp
   45    | Exp . STAR Exp
   46    | Exp . DIV Exp
   52    | Exp . LB Exp RB
   53    | Exp . DOT ID

    ASSIGNOP  shift, and go to state 72
    RELOP     shift, and go to state 73
    PLUS      shift, and go to state 74
    MINUS     shift, and go to state 75
    STAR      shift, and go to state 76
    DIV       shift, and go to state 77
    AND       shift, and go to state 78
    OR        shift, and go to state 79
    DOT       shift, and go to state 80
    LB        shift, and go to state 81

    $default  reduce using rule 38 (Dec)


State 83

   36 DecList: Dec COMMA DecList .

    $default  reduce using rule 36 (DecList)


State 84

   29 Stmt: IF LP Exp . RP Stmt
   30     | IF LP Exp . RP Stmt ELSE Stmt
   39 Exp: Exp . ASSIGNOP Exp
   40    | Exp . AND Exp
   41    | Exp . OR Exp
   42    | Exp . RELOP Exp
   43    | Exp . PLUS Exp
   44    | Exp . MINUS Exp
   45    | Exp . STAR Exp
   46    | Exp . DIV Exp
   52    | Exp . LB Exp RB
   53    | Exp . DOT ID

    ASSIGNOP  shift, and go to state 72
    RELOP     shift, and go to state 73
    PLUS      shift, and go to state 74
    MINUS     shift, and go to state 75
    STAR      shift, and go to state 76
    DIV       shift, and go to state 77
    AND       shift, and go to state 78
    OR        shift, and go to state 79
    DOT       shift, and go to state 80
    RP        shift, and go to state 101
    LB        shift, and go to state 81


State 85

   31 Stmt: WHILE LP Exp . RP Stmt
   39 Exp: Exp . ASSIGNOP Exp
   40    | Exp . AND Exp
   41    | Exp . OR Exp
   42    | Exp . RELOP Exp
   43    | Exp . PLUS Exp
   44    | Exp . MINUS Exp
   45    | Exp . STAR Exp
   46    | Exp . DIV Exp
   52    | Exp . LB Exp RB
   53    | Exp . DOT ID

    ASSIGNOP  shift, and go to state 72
    RELOP     shift, and go to state 73
    PLUS      shift, and go to state 74
    MINUS     shift, and go to state 75
    STAR      shift, and go to state 76
    DIV       shift, and go to state 77
    AND       shift, and go to state 78
    OR        shift, and go to state 79
    DOT       shift, and go to state 80
    RP        shift, and go to state 102
    LB        shift, and go to state 81


State 86

   28 Stmt: RETURN Exp SEMI .

    $default  reduce using rule 28 (Stmt)


State 87

   51 Exp: ID LP RP .

    $default  reduce using rule 51 (Exp)


State 88

   39 Exp: Exp . ASSIGNOP Exp
   40    | Exp . AND Exp
   41    | Exp . OR Exp
   42    | Exp . RELOP Exp
   43    | Exp . PLUS Exp
   44    | Exp . MINUS Exp
   45    | Exp . STAR Exp
   46    | Exp . DIV Exp
   52    | Exp . LB Exp RB
   53    | Exp . DOT ID
   57 Args: Exp . COMMA Args
   58     | Exp .

    COMMA     shift, and go to state 103
    ASSIGNOP  shift, and go to state 72
    RELOP     shift, and go to state 73
    PLUS      shift, and go to state 74
    MINUS     shift, and go to state 75
    STAR      shift, and go to state 76
    DIV       shift, and go to state 77
    AND       shift, and go to state 78
    OR        shift, and go to state 79
    DOT       shift, and go to state 80
    LB        shift, and go to state 81

    $default  reduce using rule 58 (Args)


State 89

   50 Exp: ID LP Args . RP

    RP  shift, and go to state 104


State 90

   47 Exp: LP Exp RP .

    $default  reduce using rule 47 (Exp)


State 91

   39 Exp: Exp . ASSIGNOP Exp
   39    | Exp ASSIGNOP Exp .
   40    | Exp . AND Exp
   41    | Exp . OR Exp
   42    | Exp . RELOP Exp
   43    | Exp . PLUS Exp
   44    | Exp . MINUS Exp
   45    | Exp . STAR Exp
   46    | Exp . DIV Exp
   52    | Exp . LB Exp RB
   53    | Exp . DOT ID

    ASSIGNOP  shift, and go to state 72
    RELOP     shift, and go to state 73
    PLUS      shift, and go to state 74
    MINUS     shift, and go to state 75
    STAR      shift, and go to state 76
    DIV       shift, and go to state 77
    AND       shift, and go to state 78
    OR        shift, and go to state 79
    DOT       shift, and go to state 80
    LB        shift, and go to state 81

    $default  reduce using rule 39 (Exp)


State 92

   39 Exp: Exp . ASSIGNOP Exp
   40    | Exp . AND Exp
   41    | Exp . OR Exp
   42    | Exp . RELOP Exp
   42    | Exp RELOP Exp .
   43    | Exp . PLUS Exp
   44    | Exp . MINUS Exp
   45    | Exp . STAR Exp
   46    | Exp . DIV Exp
   52    | Exp . LB Exp RB
   53    | Exp . DOT ID

    DOT  shift, and go to state 80
    LB   shift, and go to state 81

    $default  reduce using rule 42 (Exp)


State 93

   39 Exp: Exp . ASSIGNOP Exp
   40    | Exp . AND Exp
   41    | Exp . OR Exp
   42    | Exp . RELOP Exp
   43    | Exp . PLUS Exp
   43    | Exp PLUS Exp .
   44    | Exp . MINUS Exp
   45    | Exp . STAR Exp
   46    | Exp . DIV Exp
   52    | Exp . LB Exp RB
   53    | Exp . DOT ID

    RELOP  shift, and go to state 73
    AND    shift, and go to state 78
    OR     shift, and go to state 79
    DOT    shift, and go to state 80
    LB     shift, and go to state 81

    $default  reduce using rule 43 (Exp)


State 94

   39 Exp: Exp . ASSIGNOP Exp
   40    | Exp . AND Exp
   41    | Exp . OR Exp
   42    | Exp . RELOP Exp
   43    | Exp . PLUS Exp
   44    | Exp . MINUS Exp
   44    | Exp MINUS Exp .
   45    | Exp . STAR Exp
   46    | Exp . DIV Exp
   52    | Exp . LB Exp RB
   53    | Exp . DOT ID

    RELOP  shift, and go to state 73
    AND    shift, and go to state 78
    OR     shift, and go to state 79
    DOT    shift, and go to state 80
    LB     shift, and go to state 81

    $default  reduce using rule 44 (Exp)


State 95

   39 Exp: Exp . ASSIGNOP Exp
   40    | Exp . AND Exp
   41    | Exp . OR Exp
   42    | Exp . RELOP Exp
   43    | Exp . PLUS Exp
   44    | Exp . MINUS Exp
   45    | Exp . STAR Exp
   45    | Exp STAR Exp .
   46    | Exp . DIV Exp
   52    | Exp . LB Exp RB
   53    | Exp . DOT ID

    RELOP  shift, and go to state 73
    AND    shift, and go to state 78
    OR     shift, and go to state 79
    DOT    shift, and go to state 80
    LB     shift, and go to state 81

    $default  reduce using rule 45 (Exp)


State 96

   39 Exp: Exp . ASSIGNOP Exp
   40    | Exp . AND Exp
   41    | Exp . OR Exp
   42    | Exp . RELOP Exp
   43    | Exp . PLUS Exp
   44    | Exp . MINUS Exp
   45    | Exp . STAR Exp
   46    | Exp . DIV Exp
   46    | Exp DIV Exp .
   52    | Exp . LB Exp RB
   53    | Exp . DOT ID

    RELOP  shift, and go to state 73
    AND    shift, and go to state 78
    OR     shift, and go to state 79
    DOT    shift, and go to state 80
    LB     shift, and go to state 81

    $default  reduce using rule 46 (Exp)


State 97

   39 Exp: Exp . ASSIGNOP Exp
   40    | Exp . AND Exp
   40    | Exp AND Exp .
   41    | Exp . OR Exp
   42    | Exp . RELOP Exp
   43    | Exp . PLUS Exp
   44    | Exp . MINUS Exp
   45    | Exp . STAR Exp
   46    | Exp . DIV Exp
   52    | Exp . LB Exp RB
   53    | Exp . DOT ID

    RELOP  shift, and go to state 73
    DOT    shift, and go to state 80
    LB     shift, and go to state 81

    $default  reduce using rule 40 (Exp)


State 98

   39 Exp: Exp . ASSIGNOP Exp
   40    | Exp . AND Exp
   41    | Exp . OR Exp
   41    | Exp OR Exp .
   42    | Exp . RELOP Exp
   43    | Exp . PLUS Exp
   44    | Exp . MINUS Exp
   45    | Exp . STAR Exp
   46    | Exp . DIV Exp
   52    | Exp . LB Exp RB
   53    | Exp . DOT ID

    RELOP  shift, and go to state 73
    DOT    shift, and go to state 80
    LB     shift, and go to state 81

    $default  reduce using rule 41 (Exp)


State 99

   53 Exp: Exp DOT ID .

    $default  reduce using rule 53 (Exp)


State 100

   39 Exp: Exp . ASSIGNOP Exp
   40    | Exp . AND Exp
   41    | Exp . OR Exp
   42    | Exp . RELOP Exp
   43    | Exp . PLUS Exp
   44    | Exp . MINUS Exp
   45    | Exp . STAR Exp
   46    | Exp . DIV Exp
   52    | Exp . LB Exp RB
   52    | Exp LB Exp . RB
   53    | Exp . DOT ID

    ASSIGNOP  shift, and go to state 72
    RELOP     shift, and go to state 73
    PLUS      shift, and go to state 74
    MINUS     shift, and go to state 75
    STAR      shift, and go to state 76
    DIV       shift, and go to state 77
    AND       shift, and go to state 78
    OR        shift, and go to state 79
    DOT       shift, and go to state 80
    LB        shift, and go to state 81
    RB        shift, and go to state 105


State 101

   29 Stmt: IF LP Exp RP . Stmt
   30     | IF LP Exp RP . Stmt ELSE Stmt

    IF      shift, and go to state 45
    WHILE   shift, and go to state 46
    RETURN  shift, and go to state 47
    ID      shift, and go to state 48
    DINT    shift, and go to state 49
    FLOAT   shift, and go to state 50
    MINUS   shift, and go to state 51
    NOT     shift, and go to state 52
    LP      shift, and go to state 53
    LC      shift, and go to state 23

    CompSt  转到状态 54
    Stmt    转到状态 106
    Exp     转到状态 57


State 102

   31 Stmt: WHILE LP Exp RP . Stmt

    IF      shift, and go to state 45
    WHILE   shift, and go to state 46
    RETURN  shift, and go to state 47
    ID      shift, and go to state 48
    DINT    shift, and go to state 49
    FLOAT   shift, and go to state 50
    MINUS   shift, and go to state 51
    NOT     shift, and go to state 52
    LP      shift, and go to state 53
    LC      shift, and go to state 23

    CompSt  转到状态 54
    Stmt    转到状态 107
    Exp     转到状态 57


State 103

   57 Args: Exp COMMA . Args

    ID     shift, and go to state 48
    DINT   shift, and go to state 49
    FLOAT  shift, and go to state 50
    MINUS  shift, and go to state 51
    NOT    shift, and go to state 52
    LP     shift, and go to state 53

    Exp   转到状态 88
    Args  转到状态 108


State 104

   50 Exp: ID LP Args RP .

    $default  reduce using rule 50 (Exp)


State 105

   52 Exp: Exp LB Exp RB .

    $default  reduce using rule 52 (Exp)


State 106

   29 Stmt: IF LP Exp RP Stmt .
   30     | IF LP Exp RP Stmt . ELSE Stmt

    ELSE  shift, and go to state 109

    $default  reduce using rule 29 (Stmt)


State 107

   31 Stmt: WHILE LP Exp RP Stmt .

    $default  reduce using rule 31 (Stmt)


State 108

   57 Args: Exp COMMA Args .

    $default  reduce using rule 57 (Args)


State 109

   30 Stmt: IF LP Exp RP Stmt ELSE . Stmt

    IF      shift, and go to state 45
    WHILE   shift, and go to state 46
    RETURN  shift, and go to state 47
    ID      shift, and go to state 48
    DINT    shift, and go to state 49
    FLOAT   shift, and go to state 50
    MINUS   shift, and go to state 51
    NOT     shift, and go to state 52
    LP      shift, and go to state 53
    LC      shift, and go to state 23

    CompSt  转到状态 54
    Stmt    转到状态 110
    Exp     转到状态 57


State 110

   30 Stmt: IF LP Exp RP Stmt ELSE Stmt .

    $default  reduce using rule 30 (Stmt)
