
*** Running vivado
    with args -log check101.vds -m64 -mode batch -messageDb vivado.pb -notrace -source check101.tcl


****** Vivado v2015.2 (64-bit)
  **** SW Build 1266856 on Fri Jun 26 16:35:25 MDT 2015
  **** IP Build 1264090 on Wed Jun 24 14:22:01 MDT 2015
    ** Copyright 1986-2015 Xilinx, Inc. All Rights Reserved.

source check101.tcl -notrace
Command: synth_design -top check101 -part xc7a100tcsg324-1
Starting synth_design
Attempting to get a license for feature 'Synthesis' and/or device 'xc7a100t'
INFO: [Common 17-349] Got license for feature 'Synthesis' and/or device 'xc7a100t'
INFO: [Common 17-1223] The version limit for your license is '2016.05' and will expire in -6 days. A version limit expiration means that, although you may be able to continue to use the current version of tools or IP with this license, you will not be eligible for any updates or new releases.
ERROR: [Synth 8-2715] syntax error near = [/home/huchao/Daily-Learning/Verilog/lab3/check101/check101.srcs/sources_1/new/jk_ff.v:29]
ERROR: [Synth 8-2576] procedural assignment to a non-register y is not permitted [/home/huchao/Daily-Learning/Verilog/lab3/check101/check101.srcs/sources_1/new/jk_ff.v:31]
ERROR: [Synth 8-2576] procedural assignment to a non-register ybar is not permitted [/home/huchao/Daily-Learning/Verilog/lab3/check101/check101.srcs/sources_1/new/jk_ff.v:32]
ERROR: [Synth 8-2576] procedural assignment to a non-register y is not permitted [/home/huchao/Daily-Learning/Verilog/lab3/check101/check101.srcs/sources_1/new/jk_ff.v:37]
ERROR: [Synth 8-2576] procedural assignment to a non-register ybar is not permitted [/home/huchao/Daily-Learning/Verilog/lab3/check101/check101.srcs/sources_1/new/jk_ff.v:38]
INFO: [Synth 8-2350] module jk_ff ignored due to previous errors [/home/huchao/Daily-Learning/Verilog/lab3/check101/check101.srcs/sources_1/new/jk_ff.v:23]
Failed to read verilog '/home/huchao/Daily-Learning/Verilog/lab3/check101/check101.srcs/sources_1/new/jk_ff.v'
INFO: [Common 17-83] Releasing license: Synthesis
4 Infos, 0 Warnings, 0 Critical Warnings and 6 Errors encountered.
synth_design failed
ERROR: [Common 17-69] Command failed: Vivado Synthesis failed
INFO: [Common 17-206] Exiting Vivado at Mon Jun  6 17:23:26 2016...
